Content-Type: text/plain; charset="utf-8"
MIME-Version: 1.0
Content-Transfer-Encoding: 7bit
Subject: Your purchase has been confirmed
From: eamokuandoh@gmail.com
To: buyer.admin@orga.com
Date: Wed, 04 Jun 2025 16:25:21 -0000
Message-ID: <174905432196.29332.4308050565051407762@LAPTOP-2PJL7L4A>

Subject: Order Confirmation: 

Dear Buyer,

Thank you for your recent purchase with KuandorWear! We are excited to confirm that your order has been successfully processed . Below, you will find the details of your purchase:

Order ID: 
Date of Purchase: June 4, 2025, 4:25 p.m.


Product(s) Ordered:

Supplier Test Product: 3, $25.50


Total Amount: $76.50




If you have any questions or concerns regarding your order, feel free to reply to this email or contact our customer service team at eamokuandoh@gmail.com.

We sincerely appreciate your business and hope that you enjoy your purchase. Thank you for choosing KuandorWear!

Warm regards,

Emmanuel Amokuandoh
Managing Director
KuandorWear
+233 683 6242

-------------------------------------------------------------------------------
